
============================================================
Downloading EWY (ewy, iex) 5m data: 2021-03-30 -> 2026-03-30
============================================================
  [1/13] +8502 rows  [2/13]
  Pacing requests for 0m16s...
 +8346 rows  [3/13]
  Pacing requests for 0m16s...
 +8424 rows  [4/13]
  Pacing requests for 0m16s...
 +8424 rows  [5/13]
  Pacing requests for 0m16s...
 +8268 rows  [6/13]
  Pacing requests for 0m16s...
 +8502 rows  [7/13]
  Pacing requests for 0m17s...
 +8268 rows  [8/13]
  Pacing requests for 0m16s...
 +8502 rows  [9/13]
  Pacing requests for 0m16s...
 +8346 rows  [10/13]
  Pacing requests for 0m16s...
 +8424 rows  [11/13]
  Pacing requests for 0m17s...
 +8424 rows  [12/13]
  Pacing requests for 0m16s...
 +8346 rows  [13/13]
  Pacing requests for 0m16s...
 +780 rows
  Saved 101556 rows to D:\tiingo\cache\EWY_5m.parquet
  Date range: 2021-03-30 13:30:00+00:00 -> 2026-03-27 19:55:00+00:00
  Columns: ['o', 'h', 'l', 'c', 'v', 'time', 'ts']

============================================================
Downloading GOOGL (googl, iex) 5m data: 2021-03-30 -> 2026-03-30
============================================================
  [1/13]
  Pacing requests for 0m17s...
 +8502 rows  [2/13]
  Pacing requests for 0m16s...
 +8346 rows  [3/13]
  Pacing requests for 0m16s...
 +8424 rows  [4/13]
  Pacing requests for 0m15s...
 +8424 rows  [5/13]
  Pacing requests for 0m17s...
 +8268 rows  [6/13]
  Pacing requests for 0m17s...
 +8502 rows  [7/13]
  Pacing requests for 0m17s...
 +8268 rows  [8/13]
  Pacing requests for 0m17s...
 +8502 rows  [9/13]
  Pacing requests for 0m16s...

  Rate limited, waiting 60s...

  Rate limited, waiting 120s...

  Rate limited, waiting 180s...
