[50/9720] finished PAXG pivots=8 touches=2
[100/9720] finished PAXG pivots=8 touches=2
[150/9720] finished PAXG pivots=8 touches=2
[200/9720] finished PAXG pivots=8 touches=3
[250/9720] finished PAXG pivots=8 touches=3
[300/9720] finished PAXG pivots=8 touches=3
[350/9720] finished PAXG pivots=12 touches=2
[400/9720] finished PAXG pivots=12 touches=2
[450/9720] finished PAXG pivots=12 touches=2
[500/9720] finished PAXG pivots=12 touches=3
[550/9720] finished PAXG pivots=12 touches=3
[600/9720] finished PAXG pivots=12 touches=3
[650/9720] finished XAUT pivots=8 touches=2
[700/9720] finished XAUT pivots=8 touches=2
[750/9720] finished XAUT pivots=8 touches=2
[800/9720] finished XAUT pivots=8 touches=2
[850/9720] finished XAUT pivots=8 touches=3
[900/9720] finished XAUT pivots=8 touches=3
[950/9720] finished XAUT pivots=8 touches=3
[1000/9720] finished XAUT pivots=12 touches=2
[1050/9720] finished XAUT pivots=12 touches=2
[1100/9720] finished XAUT pivots=12 touches=2
[1150/9720] finished XAUT pivots=12 touches=3
[1200/9720] finished XAUT pivots=12 touches=3
[1250/9720] finished XAUT pivots=12 touches=3
[1300/9720] finished XAG pivots=8 touches=2
[1350/9720] finished XAG pivots=8 touches=2
[1400/9720] finished XAG pivots=8 touches=2
[1450/9720] finished XAG pivots=8 touches=2
[1500/9720] finished XAG pivots=8 touches=3
[1550/9720] finished XAG pivots=8 touches=3
[1600/9720] finished XAG pivots=8 touches=3
[1650/9720] finished XAG pivots=12 touches=2
[1700/9720] finished XAG pivots=12 touches=2
[1750/9720] finished XAG pivots=12 touches=2
[1800/9720] finished XAG pivots=12 touches=3
[1850/9720] finished XAG pivots=12 touches=3
[1900/9720] finished XAG pivots=12 touches=3
[1950/9720] finished XPT pivots=8 touches=2
[2000/9720] finished XPT pivots=8 touches=2
[2050/9720] finished XPT pivots=8 touches=2
[2100/9720] finished XPT pivots=8 touches=2
[2150/9720] finished XPT pivots=8 touches=3
[2200/9720] finished XPT pivots=8 touches=3
[2250/9720] finished XPT pivots=8 touches=3
[2300/9720] finished XPT pivots=12 touches=2
[2350/9720] finished XPT pivots=12 touches=2
[2400/9720] finished XPT pivots=12 touches=2
[2450/9720] finished XPT pivots=12 touches=3
[2500/9720] finished XPT pivots=12 touches=3
[2550/9720] finished XPT pivots=12 touches=3
[2600/9720] finished BTC pivots=8 touches=2
[2650/9720] finished BTC pivots=8 touches=2
[2700/9720] finished BTC pivots=8 touches=2
[2750/9720] finished BTC pivots=8 touches=2
[2800/9720] finished BTC pivots=8 touches=3
[2850/9720] finished BTC pivots=8 touches=3
[2900/9720] finished BTC pivots=8 touches=3
[2950/9720] finished BTC pivots=12 touches=2
[3000/9720] finished BTC pivots=12 touches=2
[3050/9720] finished BTC pivots=12 touches=2
[3100/9720] finished BTC pivots=12 touches=3
[3150/9720] finished BTC pivots=12 touches=3
[3200/9720] finished BTC pivots=12 touches=3
[3250/9720] finished COPPER pivots=8 touches=2
[3300/9720] finished COPPER pivots=8 touches=2
[3350/9720] finished COPPER pivots=8 touches=2
[3400/9720] finished COPPER pivots=8 touches=2
[3450/9720] finished COPPER pivots=8 touches=3
[3500/9720] finished COPPER pivots=8 touches=3
[3550/9720] finished COPPER pivots=8 touches=3
[3600/9720] finished COPPER pivots=12 touches=2
[3650/9720] finished COPPER pivots=12 touches=2
[3700/9720] finished COPPER pivots=12 touches=2
[3750/9720] finished COPPER pivots=12 touches=3
[3800/9720] finished COPPER pivots=12 touches=3
[3850/9720] finished COPPER pivots=12 touches=3
[3900/9720] finished ETH pivots=8 touches=2
[3950/9720] finished ETH pivots=8 touches=2
[4000/9720] finished ETH pivots=8 touches=2
[4050/9720] finished ETH pivots=8 touches=2
[4100/9720] finished ETH pivots=8 touches=3
[4150/9720] finished ETH pivots=8 touches=3
[4200/9720] finished ETH pivots=8 touches=3
[4250/9720] finished ETH pivots=12 touches=2
[4300/9720] finished ETH pivots=12 touches=2
[4350/9720] finished ETH pivots=12 touches=2
[4400/9720] finished ETH pivots=12 touches=3
[4450/9720] finished ETH pivots=12 touches=3
[4500/9720] finished ETH pivots=12 touches=3
[4550/9720] finished SOL pivots=8 touches=2
[4600/9720] finished SOL pivots=8 touches=2
[4650/9720] finished SOL pivots=8 touches=2
[4700/9720] finished SOL pivots=8 touches=3
[4750/9720] finished SOL pivots=8 touches=3
[4800/9720] finished SOL pivots=8 touches=3
[4850/9720] finished SOL pivots=8 touches=3
[4900/9720] finished SOL pivots=12 touches=2
[4950/9720] finished SOL pivots=12 touches=2
[5000/9720] finished SOL pivots=12 touches=2
[5050/9720] finished SOL pivots=12 touches=3
[5100/9720] finished SOL pivots=12 touches=3
[5150/9720] finished SOL pivots=12 touches=3
[5200/9720] finished INTC pivots=8 touches=2
[5250/9720] finished INTC pivots=8 touches=2
[5300/9720] finished INTC pivots=8 touches=2
[5350/9720] finished INTC pivots=8 touches=3
[5400/9720] finished INTC pivots=8 touches=3
[5450/9720] finished INTC pivots=8 touches=3
[5500/9720] finished INTC pivots=8 touches=3
[5550/9720] finished INTC pivots=12 touches=2
[5600/9720] finished INTC pivots=12 touches=2
[5650/9720] finished INTC pivots=12 touches=2
[5700/9720] finished INTC pivots=12 touches=3
[5750/9720] finished INTC pivots=12 touches=3
[5800/9720] finished INTC pivots=12 touches=3
[5850/9720] finished TSLA pivots=8 touches=2
[5900/9720] finished TSLA pivots=8 touches=2
[5950/9720] finished TSLA pivots=8 touches=2
[6000/9720] finished TSLA pivots=8 touches=3
[6050/9720] finished TSLA pivots=8 touches=3
[6100/9720] finished TSLA pivots=8 touches=3
[6150/9720] finished TSLA pivots=8 touches=3
[6200/9720] finished TSLA pivots=12 touches=2
[6250/9720] finished TSLA pivots=12 touches=2
[6300/9720] finished TSLA pivots=12 touches=2
[6350/9720] finished TSLA pivots=12 touches=3
[6400/9720] finished TSLA pivots=12 touches=3
[6450/9720] finished TSLA pivots=12 touches=3
[6500/9720] finished AMZN pivots=8 touches=2
[6550/9720] finished AMZN pivots=8 touches=2
[6600/9720] finished AMZN pivots=8 touches=2
[6650/9720] finished AMZN pivots=8 touches=3
[6700/9720] finished AMZN pivots=8 touches=3
[6750/9720] finished AMZN pivots=8 touches=3
[6800/9720] finished AMZN pivots=8 touches=3
[6850/9720] finished AMZN pivots=12 touches=2
[6900/9720] finished AMZN pivots=12 touches=2
[6950/9720] finished AMZN pivots=12 touches=2
[7000/9720] finished AMZN pivots=12 touches=3
[7050/9720] finished AMZN pivots=12 touches=3
[7100/9720] finished AMZN pivots=12 touches=3
[7150/9720] finished PLTR pivots=8 touches=2
[7200/9720] finished PLTR pivots=8 touches=2
[7250/9720] finished PLTR pivots=8 touches=2
[7300/9720] finished PLTR pivots=8 touches=3
[7350/9720] finished PLTR pivots=8 touches=3
[7400/9720] finished PLTR pivots=8 touches=3
[7450/9720] finished PLTR pivots=8 touches=3
[7500/9720] finished PLTR pivots=12 touches=2
[7550/9720] finished PLTR pivots=12 touches=2
[7600/9720] finished PLTR pivots=12 touches=2
[7650/9720] finished PLTR pivots=12 touches=3
[7700/9720] finished PLTR pivots=12 touches=3
[7750/9720] finished PLTR pivots=12 touches=3
[7800/9720] finished MSTR pivots=8 touches=2
[7850/9720] finished MSTR pivots=8 touches=2
[7900/9720] finished MSTR pivots=8 touches=2
[7950/9720] finished MSTR pivots=8 touches=3
[8000/9720] finished MSTR pivots=8 touches=3
[8050/9720] finished MSTR pivots=8 touches=3
[8100/9720] finished MSTR pivots=8 touches=3
[8150/9720] finished MSTR pivots=12 touches=2
[8200/9720] finished MSTR pivots=12 touches=2
[8250/9720] finished MSTR pivots=12 touches=2
[8300/9720] finished MSTR pivots=12 touches=3
[8350/9720] finished MSTR pivots=12 touches=3
[8400/9720] finished MSTR pivots=12 touches=3
[8450/9720] finished HOOD pivots=8 touches=2
[8500/9720] finished HOOD pivots=8 touches=2
[8550/9720] finished HOOD pivots=8 touches=2
[8600/9720] finished HOOD pivots=8 touches=3
[8650/9720] finished HOOD pivots=8 touches=3
[8700/9720] finished HOOD pivots=8 touches=3
[8750/9720] finished HOOD pivots=12 touches=2
[8800/9720] finished HOOD pivots=12 touches=2
[8850/9720] finished HOOD pivots=12 touches=2
[8900/9720] finished HOOD pivots=12 touches=2
[8950/9720] finished HOOD pivots=12 touches=3
[9000/9720] finished HOOD pivots=12 touches=3
[9050/9720] finished HOOD pivots=12 touches=3
[9100/9720] finished COIN pivots=8 touches=2
[9150/9720] finished COIN pivots=8 touches=2
[9200/9720] finished COIN pivots=8 touches=2
[9250/9720] finished COIN pivots=8 touches=3
[9300/9720] finished COIN pivots=8 touches=3
[9350/9720] finished COIN pivots=8 touches=3
[9400/9720] finished COIN pivots=12 touches=2
[9450/9720] finished COIN pivots=12 touches=2
[9500/9720] finished COIN pivots=12 touches=2
[9550/9720] finished COIN pivots=12 touches=2
[9600/9720] finished COIN pivots=12 touches=3
[9650/9720] finished COIN pivots=12 touches=3
[9700/9720] finished COIN pivots=12 touches=3
Saved outputs to results\tori_trendline_touchlines_basket_partial_20260330
