[50/14256] finished PAXG pivots=8 touches=2
[100/14256] finished PAXG pivots=8 touches=2
[150/14256] finished PAXG pivots=8 touches=2
[200/14256] finished PAXG pivots=8 touches=3
[250/14256] finished PAXG pivots=8 touches=3
[300/14256] finished PAXG pivots=8 touches=3
[350/14256] finished PAXG pivots=12 touches=2
[400/14256] finished PAXG pivots=12 touches=2
[450/14256] finished PAXG pivots=12 touches=2
[500/14256] finished PAXG pivots=12 touches=3
[550/14256] finished PAXG pivots=12 touches=3
[600/14256] finished PAXG pivots=12 touches=3
[650/14256] finished XAUT pivots=8 touches=2
[700/14256] finished XAUT pivots=8 touches=2
[750/14256] finished XAUT pivots=8 touches=2
[800/14256] finished XAUT pivots=8 touches=2
[850/14256] finished XAUT pivots=8 touches=3
[900/14256] finished XAUT pivots=8 touches=3
[950/14256] finished XAUT pivots=8 touches=3
[1000/14256] finished XAUT pivots=12 touches=2
[1050/14256] finished XAUT pivots=12 touches=2
[1100/14256] finished XAUT pivots=12 touches=2
[1150/14256] finished XAUT pivots=12 touches=3
[1200/14256] finished XAUT pivots=12 touches=3
[1250/14256] finished XAUT pivots=12 touches=3
[1300/14256] finished XAG pivots=8 touches=2
[1350/14256] finished XAG pivots=8 touches=2
[1400/14256] finished XAG pivots=8 touches=2
[1450/14256] finished XAG pivots=8 touches=2
[1500/14256] finished XAG pivots=8 touches=3
[1550/14256] finished XAG pivots=8 touches=3
[1600/14256] finished XAG pivots=8 touches=3
[1650/14256] finished XAG pivots=12 touches=2
[1700/14256] finished XAG pivots=12 touches=2
[1750/14256] finished XAG pivots=12 touches=2
[1800/14256] finished XAG pivots=12 touches=3
[1850/14256] finished XAG pivots=12 touches=3
[1900/14256] finished XAG pivots=12 touches=3
[1950/14256] finished XPT pivots=8 touches=2
[2000/14256] finished XPT pivots=8 touches=2
[2050/14256] finished XPT pivots=8 touches=2
[2100/14256] finished XPT pivots=8 touches=2
[2150/14256] finished XPT pivots=8 touches=3
[2200/14256] finished XPT pivots=8 touches=3
[2250/14256] finished XPT pivots=8 touches=3
[2300/14256] finished XPT pivots=12 touches=2
[2350/14256] finished XPT pivots=12 touches=2
[2400/14256] finished XPT pivots=12 touches=2
[2450/14256] finished XPT pivots=12 touches=3
[2500/14256] finished XPT pivots=12 touches=3
[2550/14256] finished XPT pivots=12 touches=3
[2600/14256] finished BTC pivots=8 touches=2
[2650/14256] finished BTC pivots=8 touches=2
[2700/14256] finished BTC pivots=8 touches=2
[2750/14256] finished BTC pivots=8 touches=2
[2800/14256] finished BTC pivots=8 touches=3
[2850/14256] finished BTC pivots=8 touches=3
[2900/14256] finished BTC pivots=8 touches=3
[2950/14256] finished BTC pivots=12 touches=2
[3000/14256] finished BTC pivots=12 touches=2
[3050/14256] finished BTC pivots=12 touches=2
[3100/14256] finished BTC pivots=12 touches=3
[3150/14256] finished BTC pivots=12 touches=3
[3200/14256] finished BTC pivots=12 touches=3
[3250/14256] finished COPPER pivots=8 touches=2
[3300/14256] finished COPPER pivots=8 touches=2
[3350/14256] finished COPPER pivots=8 touches=2
[3400/14256] finished COPPER pivots=8 touches=2
[3450/14256] finished COPPER pivots=8 touches=3
[3500/14256] finished COPPER pivots=8 touches=3
[3550/14256] finished COPPER pivots=8 touches=3
[3600/14256] finished COPPER pivots=12 touches=2
[3650/14256] finished COPPER pivots=12 touches=2
[3700/14256] finished COPPER pivots=12 touches=2
[3750/14256] finished COPPER pivots=12 touches=3
[3800/14256] finished COPPER pivots=12 touches=3
[3850/14256] finished COPPER pivots=12 touches=3
[3900/14256] finished ETH pivots=8 touches=2
[3950/14256] finished ETH pivots=8 touches=2
[4000/14256] finished ETH pivots=8 touches=2
[4050/14256] finished ETH pivots=8 touches=2
[4100/14256] finished ETH pivots=8 touches=3
[4150/14256] finished ETH pivots=8 touches=3
[4200/14256] finished ETH pivots=8 touches=3
[4250/14256] finished ETH pivots=12 touches=2
[4300/14256] finished ETH pivots=12 touches=2
[4350/14256] finished ETH pivots=12 touches=2
[4400/14256] finished ETH pivots=12 touches=3
[4450/14256] finished ETH pivots=12 touches=3
[4500/14256] finished ETH pivots=12 touches=3
[4550/14256] finished SOL pivots=8 touches=2
[4600/14256] finished SOL pivots=8 touches=2
[4650/14256] finished SOL pivots=8 touches=2
[4700/14256] finished SOL pivots=8 touches=3
[4750/14256] finished SOL pivots=8 touches=3
[4800/14256] finished SOL pivots=8 touches=3
[4850/14256] finished SOL pivots=8 touches=3
[4900/14256] finished SOL pivots=12 touches=2
[4950/14256] finished SOL pivots=12 touches=2
[5000/14256] finished SOL pivots=12 touches=2
[5050/14256] finished SOL pivots=12 touches=3
[5100/14256] finished SOL pivots=12 touches=3
[5150/14256] finished SOL pivots=12 touches=3
[5200/14256] finished INTC pivots=8 touches=2
[5250/14256] finished INTC pivots=8 touches=2
[5300/14256] finished INTC pivots=8 touches=2
[5350/14256] finished INTC pivots=8 touches=3
[5400/14256] finished INTC pivots=8 touches=3
[5450/14256] finished INTC pivots=8 touches=3
[5500/14256] finished INTC pivots=8 touches=3
[5550/14256] finished INTC pivots=12 touches=2
[5600/14256] finished INTC pivots=12 touches=2
[5650/14256] finished INTC pivots=12 touches=2
[5700/14256] finished INTC pivots=12 touches=3
[5750/14256] finished INTC pivots=12 touches=3
[5800/14256] finished INTC pivots=12 touches=3
[5850/14256] finished TSLA pivots=8 touches=2
[5900/14256] finished TSLA pivots=8 touches=2
[5950/14256] finished TSLA pivots=8 touches=2
[6000/14256] finished TSLA pivots=8 touches=3
[6050/14256] finished TSLA pivots=8 touches=3
[6100/14256] finished TSLA pivots=8 touches=3
[6150/14256] finished TSLA pivots=8 touches=3
[6200/14256] finished TSLA pivots=12 touches=2
[6250/14256] finished TSLA pivots=12 touches=2
[6300/14256] finished TSLA pivots=12 touches=2
[6350/14256] finished TSLA pivots=12 touches=3
[6400/14256] finished TSLA pivots=12 touches=3
[6450/14256] finished TSLA pivots=12 touches=3
[6500/14256] finished AMZN pivots=8 touches=2
[6550/14256] finished AMZN pivots=8 touches=2
[6600/14256] finished AMZN pivots=8 touches=2
[6650/14256] finished AMZN pivots=8 touches=3
[6700/14256] finished AMZN pivots=8 touches=3
[6750/14256] finished AMZN pivots=8 touches=3
[6800/14256] finished AMZN pivots=8 touches=3
[6850/14256] finished AMZN pivots=12 touches=2
[6900/14256] finished AMZN pivots=12 touches=2
[6950/14256] finished AMZN pivots=12 touches=2
[7000/14256] finished AMZN pivots=12 touches=3
[7050/14256] finished AMZN pivots=12 touches=3
[7100/14256] finished AMZN pivots=12 touches=3
[7150/14256] finished PLTR pivots=8 touches=2
[7200/14256] finished PLTR pivots=8 touches=2
[7250/14256] finished PLTR pivots=8 touches=2
[7300/14256] finished PLTR pivots=8 touches=3
[7350/14256] finished PLTR pivots=8 touches=3
[7400/14256] finished PLTR pivots=8 touches=3
[7450/14256] finished PLTR pivots=8 touches=3
[7500/14256] finished PLTR pivots=12 touches=2
[7550/14256] finished PLTR pivots=12 touches=2
[7600/14256] finished PLTR pivots=12 touches=2
[7650/14256] finished PLTR pivots=12 touches=3
[7700/14256] finished PLTR pivots=12 touches=3
[7750/14256] finished PLTR pivots=12 touches=3
[7800/14256] finished MSTR pivots=8 touches=2
[7850/14256] finished MSTR pivots=8 touches=2
[7900/14256] finished MSTR pivots=8 touches=2
[7950/14256] finished MSTR pivots=8 touches=3
[8000/14256] finished MSTR pivots=8 touches=3
[8050/14256] finished MSTR pivots=8 touches=3
[8100/14256] finished MSTR pivots=8 touches=3
[8150/14256] finished MSTR pivots=12 touches=2
[8200/14256] finished MSTR pivots=12 touches=2
[8250/14256] finished MSTR pivots=12 touches=2
[8300/14256] finished MSTR pivots=12 touches=3
[8350/14256] finished MSTR pivots=12 touches=3
[8400/14256] finished MSTR pivots=12 touches=3
[8450/14256] finished HOOD pivots=8 touches=2
[8500/14256] finished HOOD pivots=8 touches=2
[8550/14256] finished HOOD pivots=8 touches=2
[8600/14256] finished HOOD pivots=8 touches=3
[8650/14256] finished HOOD pivots=8 touches=3
[8700/14256] finished HOOD pivots=8 touches=3
[8750/14256] finished HOOD pivots=12 touches=2
[8800/14256] finished HOOD pivots=12 touches=2
[8850/14256] finished HOOD pivots=12 touches=2
[8900/14256] finished HOOD pivots=12 touches=2
[8950/14256] finished HOOD pivots=12 touches=3
[9000/14256] finished HOOD pivots=12 touches=3
[9050/14256] finished HOOD pivots=12 touches=3
[9100/14256] finished COIN pivots=8 touches=2
[9150/14256] finished COIN pivots=8 touches=2
[9200/14256] finished COIN pivots=8 touches=2
[9250/14256] finished COIN pivots=8 touches=3
[9300/14256] finished COIN pivots=8 touches=3
[9350/14256] finished COIN pivots=8 touches=3
[9400/14256] finished COIN pivots=12 touches=2
[9450/14256] finished COIN pivots=12 touches=2
[9500/14256] finished COIN pivots=12 touches=2
[9550/14256] finished COIN pivots=12 touches=2
[9600/14256] finished COIN pivots=12 touches=3
[9650/14256] finished COIN pivots=12 touches=3
[9700/14256] finished COIN pivots=12 touches=3
[9750/14256] finished XPD pivots=8 touches=2
[9800/14256] finished XPD pivots=8 touches=2
[9850/14256] finished XPD pivots=8 touches=2
[9900/14256] finished XPD pivots=8 touches=3
[9950/14256] finished XPD pivots=8 touches=3
[10000/14256] finished XPD pivots=8 touches=3
[10050/14256] finished XPD pivots=12 touches=2
[10100/14256] finished XPD pivots=12 touches=2
[10150/14256] finished XPD pivots=12 touches=2
[10200/14256] finished XPD pivots=12 touches=2
[10250/14256] finished XPD pivots=12 touches=3
[10300/14256] finished XPD pivots=12 touches=3
[10350/14256] finished XPD pivots=12 touches=3
[10400/14256] finished EWJ pivots=8 touches=2
[10450/14256] finished EWJ pivots=8 touches=2
[10500/14256] finished EWJ pivots=8 touches=2
[10550/14256] finished EWJ pivots=8 touches=3
[10600/14256] finished EWJ pivots=8 touches=3
[10650/14256] finished EWJ pivots=8 touches=3
[10700/14256] finished EWJ pivots=12 touches=2
[10750/14256] finished EWJ pivots=12 touches=2
[10800/14256] finished EWJ pivots=12 touches=2
[10850/14256] finished EWJ pivots=12 touches=2
[10900/14256] finished EWJ pivots=12 touches=3
[10950/14256] finished EWJ pivots=12 touches=3
[11000/14256] finished EWJ pivots=12 touches=3
[11050/14256] finished EWY pivots=8 touches=2
[11100/14256] finished EWY pivots=8 touches=2
[11150/14256] finished EWY pivots=8 touches=2
[11200/14256] finished EWY pivots=8 touches=3
[11250/14256] finished EWY pivots=8 touches=3
[11300/14256] finished EWY pivots=8 touches=3
[11350/14256] finished EWY pivots=12 touches=2
[11400/14256] finished EWY pivots=12 touches=2
[11450/14256] finished EWY pivots=12 touches=2
[11500/14256] finished EWY pivots=12 touches=2
[11550/14256] finished EWY pivots=12 touches=3
[11600/14256] finished EWY pivots=12 touches=3
[11650/14256] finished EWY pivots=12 touches=3
[11700/14256] finished GOOGL pivots=8 touches=2
[11750/14256] finished GOOGL pivots=8 touches=2
[11800/14256] finished GOOGL pivots=8 touches=2
[11850/14256] finished GOOGL pivots=8 touches=3
[11900/14256] finished GOOGL pivots=8 touches=3
[11950/14256] finished GOOGL pivots=8 touches=3
[12000/14256] finished GOOGL pivots=12 touches=2
[12050/14256] finished GOOGL pivots=12 touches=2
[12100/14256] finished GOOGL pivots=12 touches=2
[12150/14256] finished GOOGL pivots=12 touches=2
[12200/14256] finished GOOGL pivots=12 touches=3
[12250/14256] finished GOOGL pivots=12 touches=3
[12300/14256] finished GOOGL pivots=12 touches=3
[12350/14256] finished NVDA pivots=8 touches=2
[12400/14256] finished NVDA pivots=8 touches=2
[12450/14256] finished NVDA pivots=8 touches=2
[12500/14256] finished NVDA pivots=8 touches=3
[12550/14256] finished NVDA pivots=8 touches=3
[12600/14256] finished NVDA pivots=8 touches=3
[12650/14256] finished NVDA pivots=12 touches=2
[12700/14256] finished NVDA pivots=12 touches=2
[12750/14256] finished NVDA pivots=12 touches=2
[12800/14256] finished NVDA pivots=12 touches=3
[12850/14256] finished NVDA pivots=12 touches=3
[12900/14256] finished NVDA pivots=12 touches=3
[12950/14256] finished NVDA pivots=12 touches=3
[13000/14256] finished META pivots=8 touches=2
[13050/14256] finished META pivots=8 touches=2
[13100/14256] finished META pivots=8 touches=2
[13150/14256] finished META pivots=8 touches=3
[13200/14256] finished META pivots=8 touches=3
[13250/14256] finished META pivots=8 touches=3
[13300/14256] finished META pivots=12 touches=2
[13350/14256] finished META pivots=12 touches=2
[13400/14256] finished META pivots=12 touches=2
[13450/14256] finished META pivots=12 touches=3
[13500/14256] finished META pivots=12 touches=3
[13550/14256] finished META pivots=12 touches=3
[13600/14256] finished META pivots=12 touches=3
[13650/14256] finished CRCL pivots=8 touches=2
[13700/14256] finished CRCL pivots=8 touches=2
[13750/14256] finished CRCL pivots=8 touches=2
[13800/14256] finished CRCL pivots=8 touches=3
[13850/14256] finished CRCL pivots=8 touches=3
[13900/14256] finished CRCL pivots=8 touches=3
[13950/14256] finished CRCL pivots=12 touches=2
[14000/14256] finished CRCL pivots=12 touches=2
[14050/14256] finished CRCL pivots=12 touches=2
[14100/14256] finished CRCL pivots=12 touches=3
[14150/14256] finished CRCL pivots=12 touches=3
[14200/14256] finished CRCL pivots=12 touches=3
[14250/14256] finished CRCL pivots=12 touches=3
Saved outputs to results\tori_trendline_touchlines_basket_expanded_20260330
